[0.007s] Invoking command in '/home/matt/Documents/GitHub/Rover-Unity/ros2_ws/build/custom_msg': /usr/bin/cmake --build /home/matt/Documents/GitHub/Rover-Unity/ros2_ws/build/custom_msg -- -j12 -l12
[0.092s] -- Found ament_cmake: 1.3.11 (/opt/ros/humble/share/ament_cmake/cmake)
[0.192s] Traceback (most recent call last):
[0.192s]   File "/opt/ros/humble/share/ament_cmake_core/cmake/package_templates/templates_2_cmake.py", line 21, in <module>
[0.192s]     from ament_package.templates import get_environment_hook_template_path
[0.193s] ModuleNotFoundError: No module named 'ament_package'
[0.197s] [31mCMake Error at /opt/ros/humble/share/ament_cmake_core/cmake/ament_cmake_package_templates-extras.cmake:41 (message):
[0.198s]   execute_process(/usr/bin/python3
[0.198s]   /opt/ros/humble/share/ament_cmake_core/cmake/package_templates/templates_2_cmake.py
[0.198s]   /home/matt/Documents/GitHub/Rover-Unity/ros2_ws/build/custom_msg/ament_cmake_package_templates/templates.cmake)
[0.198s]   returned error code 1
[0.198s] Call Stack (most recent call first):
[0.198s]   /opt/ros/humble/share/ament_cmake_core/cmake/ament_cmake_coreConfig.cmake:41 (include)
[0.198s]   /opt/ros/humble/share/ament_cmake/cmake/ament_cmake_export_dependencies-extras.cmake:15 (find_package)
[0.198s]   /opt/ros/humble/share/ament_cmake/cmake/ament_cmakeConfig.cmake:41 (include)
[0.198s]   CMakeLists.txt:9 (find_package)
[0.198s] 
[0.198s] [0m
[0.198s] -- Configuring incomplete, errors occurred!
[0.198s] See also "/home/matt/Documents/GitHub/Rover-Unity/ros2_ws/build/custom_msg/CMakeFiles/CMakeOutput.log".
[0.199s] gmake: *** [Makefile:1179: cmake_check_build_system] Error 1
[0.201s] Invoked command in '/home/matt/Documents/GitHub/Rover-Unity/ros2_ws/build/custom_msg' returned '2': /usr/bin/cmake --build /home/matt/Documents/GitHub/Rover-Unity/ros2_ws/build/custom_msg -- -j12 -l12
