[0.000000] (-) TimerEvent: {}
[0.000135] (-) JobUnselected: {'identifier': 'AutonControlNode'}
[0.000154] (custom_msg) JobQueued: {'identifier': 'custom_msg', 'dependencies': OrderedDict()}
[0.000164] (custom_msg) JobStarted: {'identifier': 'custom_msg'}
[0.003208] (custom_msg) JobProgress: {'identifier': 'custom_msg', 'progress': 'cmake'}
[0.003476] (custom_msg) JobProgress: {'identifier': 'custom_msg', 'progress': 'build'}
[0.003816] (custom_msg) Command: {'cmd': ['/usr/bin/cmake', '--build', '/home/matt/Documents/GitHub/Rover-Unity/ros2_ws/build/custom_msg', '--', '-j20', '-l20'], 'cwd': '/home/matt/Documents/GitHub/Rover-Unity/ros2_ws/build/custom_msg', 'env': OrderedDict([('LESSOPEN', '| /usr/bin/lesspipe %s'), ('USER', 'matt'), ('XDG_SESSION_TYPE', 'x11'), ('SHLVL', '1'), ('HOME', '/home/matt'), ('DESKTOP_SESSION', 'ubuntu'), ('GNOME_SHELL_SESSION_MODE', 'ubuntu'), ('GTK_MODULES', 'gail:atk-bridge'), ('DBUS_STARTER_BUS_TYPE', 'session'), ('SYSTEMD_EXEC_PID', '1547'), ('DBUS_SESSION_BUS_ADDRESS', 'unix:path=/run/user/1000/bus,guid=95dee7de0d2d70978844a1316788ee77'), ('COLORTERM', 'truecolor'), ('GTK_IM_MODULE', 'ibus'), ('LOGNAME', 'matt'), ('_', '/usr/bin/colcon'), ('XDG_SESSION_CLASS', 'user'), ('USERNAME', 'matt'), ('TERM', 'xterm-256color'), ('GNOME_DESKTOP_SESSION_ID', 'this-is-deprecated'), ('WINDOWPATH', '2'), ('PATH', '/usr/local/sbin:/usr/local/bin:/usr/sbin:/usr/bin:/sbin:/bin:/usr/games:/usr/local/games:/snap/bin:/snap/bin'), ('SESSION_MANAGER', 'local/matt-desktop:@/tmp/.ICE-unix/1547,unix/matt-desktop:/tmp/.ICE-unix/1547'), ('XDG_MENU_PREFIX', 'gnome-'), ('GNOME_TERMINAL_SCREEN', '/org/gnome/Terminal/screen/a4599e45_2231_4a65_8dd0_54a4b9429ac5'), ('XDG_RUNTIME_DIR', '/run/user/1000'), ('DISPLAY', ':0'), ('LANG', 'en_US.UTF-8'), ('XDG_CURRENT_DESKTOP', 'ubuntu:GNOME'), ('XMODIFIERS', '@im=ibus'), ('XDG_SESSION_DESKTOP', 'ubuntu'), ('XAUTHORITY', '/run/user/1000/gdm/Xauthority'), ('LS_COLORS', 'rs=0:di=01;34:ln=01;36:mh=00:pi=40;33:so=01;35:do=01;35:bd=40;33;01:cd=40;33;01:or=40;31;01:mi=00:su=37;41:sg=30;43:ca=30;41:tw=30;42:ow=34;42:st=37;44:ex=01;32:*.tar=01;31:*.tgz=01;31:*.arc=01;31:*.arj=01;31:*.taz=01;31:*.lha=01;31:*.lz4=01;31:*.lzh=01;31:*.lzma=01;31:*.tlz=01;31:*.txz=01;31:*.tzo=01;31:*.t7z=01;31:*.zip=01;31:*.z=01;31:*.dz=01;31:*.gz=01;31:*.lrz=01;31:*.lz=01;31:*.lzo=01;31:*.xz=01;31:*.zst=01;31:*.tzst=01;31:*.bz2=01;31:*.bz=01;31:*.tbz=01;31:*.tbz2=01;31:*.tz=01;31:*.deb=01;31:*.rpm=01;31:*.jar=01;31:*.war=01;31:*.ear=01;31:*.sar=01;31:*.rar=01;31:*.alz=01;31:*.ace=01;31:*.zoo=01;31:*.cpio=01;31:*.7z=01;31:*.rz=01;31:*.cab=01;31:*.wim=01;31:*.swm=01;31:*.dwm=01;31:*.esd=01;31:*.jpg=01;35:*.jpeg=01;35:*.mjpg=01;35:*.mjpeg=01;35:*.gif=01;35:*.bmp=01;35:*.pbm=01;35:*.pgm=01;35:*.ppm=01;35:*.tga=01;35:*.xbm=01;35:*.xpm=01;35:*.tif=01;35:*.tiff=01;35:*.png=01;35:*.svg=01;35:*.svgz=01;35:*.mng=01;35:*.pcx=01;35:*.mov=01;35:*.mpg=01;35:*.mpeg=01;35:*.m2v=01;35:*.mkv=01;35:*.webm=01;35:*.webp=01;35:*.ogm=01;35:*.mp4=01;35:*.m4v=01;35:*.mp4v=01;35:*.vob=01;35:*.qt=01;35:*.nuv=01;35:*.wmv=01;35:*.asf=01;35:*.rm=01;35:*.rmvb=01;35:*.flc=01;35:*.avi=01;35:*.fli=01;35:*.flv=01;35:*.gl=01;35:*.dl=01;35:*.xcf=01;35:*.xwd=01;35:*.yuv=01;35:*.cgm=01;35:*.emf=01;35:*.ogv=01;35:*.ogx=01;35:*.aac=00;36:*.au=00;36:*.flac=00;36:*.m4a=00;36:*.mid=00;36:*.midi=00;36:*.mka=00;36:*.mp3=00;36:*.mpc=00;36:*.ogg=00;36:*.ra=00;36:*.wav=00;36:*.oga=00;36:*.opus=00;36:*.spx=00;36:*.xspf=00;36:'), ('GNOME_TERMINAL_SERVICE', ':1.114'), ('SSH_AGENT_LAUNCHER', 'gnome-keyring'), ('SSH_AUTH_SOCK', '/run/user/1000/keyring/ssh'), ('SHELL', '/bin/bash'), ('QT_ACCESSIBILITY', '1'), ('GDMSESSION', 'ubuntu'), ('LESSCLOSE', '/usr/bin/lesspipe %s %s'), ('GPG_AGENT_INFO', '/run/user/1000/gnupg/S.gpg-agent:0:1'), ('QT_IM_MODULE', 'ibus'), ('PWD', '/home/matt/Documents/GitHub/Rover-Unity/ros2_ws/build/custom_msg'), ('LC_ALL', 'en_US.UTF-8'), ('XDG_CONFIG_DIRS', '/etc/xdg/xdg-ubuntu:/etc/xdg'), ('DBUS_STARTER_ADDRESS', 'unix:path=/run/user/1000/bus,guid=95dee7de0d2d70978844a1316788ee77'), ('XDG_DATA_DIRS', '/usr/share/ubuntu:/usr/share/gnome:/usr/local/share/:/usr/share/:/var/lib/snapd/desktop'), ('COLCON', '1'), ('VTE_VERSION', '6800')]), 'shell': False}
[0.022505] (custom_msg) StdoutLine: {'line': b'-- Found ament_cmake: 1.3.11 (/opt/ros/humble/share/ament_cmake/cmake)\n'}
[0.090702] (custom_msg) StderrLine: {'line': b'Traceback (most recent call last):\n'}
[0.090806] (custom_msg) StderrLine: {'line': b'  File "/opt/ros/humble/share/ament_cmake_core/cmake/package_templates/templates_2_cmake.py", line 21, in <module>\n'}
[0.090837] (custom_msg) StderrLine: {'line': b'    from ament_package.templates import get_environment_hook_template_path\n'}
[0.090861] (custom_msg) StderrLine: {'line': b"ModuleNotFoundError: No module named 'ament_package'\n"}
[0.095787] (custom_msg) StderrLine: {'line': b'\x1b[31mCMake Error at /opt/ros/humble/share/ament_cmake_core/cmake/ament_cmake_package_templates-extras.cmake:41 (message):\n'}
[0.095884] (custom_msg) StderrLine: {'line': b'  execute_process(/usr/bin/python3\n'}
[0.095914] (custom_msg) StderrLine: {'line': b'  /opt/ros/humble/share/ament_cmake_core/cmake/package_templates/templates_2_cmake.py\n'}
[0.095938] (custom_msg) StderrLine: {'line': b'  /home/matt/Documents/GitHub/Rover-Unity/ros2_ws/build/custom_msg/ament_cmake_package_templates/templates.cmake)\n'}
[0.095960] (custom_msg) StderrLine: {'line': b'  returned error code 1\n'}
[0.095981] (custom_msg) StderrLine: {'line': b'Call Stack (most recent call first):\n'}
[0.096002] (custom_msg) StderrLine: {'line': b'  /opt/ros/humble/share/ament_cmake_core/cmake/ament_cmake_coreConfig.cmake:41 (include)\n'}
[0.096023] (custom_msg) StderrLine: {'line': b'  /opt/ros/humble/share/ament_cmake/cmake/ament_cmake_export_dependencies-extras.cmake:15 (find_package)\n'}
[0.096046] (custom_msg) StderrLine: {'line': b'  /opt/ros/humble/share/ament_cmake/cmake/ament_cmakeConfig.cmake:41 (include)\n'}
[0.096083] (custom_msg) StderrLine: {'line': b'  CMakeLists.txt:9 (find_package)\n'}
[0.096104] (custom_msg) StderrLine: {'line': b'\n'}
[0.096124] (custom_msg) StderrLine: {'line': b'\x1b[0m\n'}
[0.096145] (custom_msg) StdoutLine: {'line': b'-- Configuring incomplete, errors occurred!\n'}
[0.096170] (custom_msg) StdoutLine: {'line': b'See also "/home/matt/Documents/GitHub/Rover-Unity/ros2_ws/build/custom_msg/CMakeFiles/CMakeOutput.log".\n'}
[0.097232] (custom_msg) StderrLine: {'line': b'gmake: *** [Makefile:1179: cmake_check_build_system] Error 1\n'}
[0.098946] (custom_msg) CommandEnded: {'returncode': 2}
[0.099624] (-) TimerEvent: {}
[0.167951] (custom_msg) JobEnded: {'identifier': 'custom_msg', 'rc': 2}
[0.178276] (-) EventReactorShutdown: {}
