[0.006s] Invoking command in '/home/matt/Documents/GitHub/Rover-Unity/ros2_ws/build/custom_msg': CMAKE_PREFIX_PATH=${CMAKE_PREFIX_PATH}:/home/matt/Documents/GitHub/Rover-Unity/ros2_ws/install/AutonControlNode /usr/bin/cmake --build /home/matt/Documents/GitHub/Rover-Unity/ros2_ws/build/custom_msg -- -j12 -l12
[0.029s] -- Found ament_cmake: 1.3.11 (/opt/ros/humble/share/ament_cmake/cmake)
[0.134s] Traceback (most recent call last):
[0.134s]   File "/opt/ros/humble/share/ament_cmake_core/cmake/package_templates/templates_2_cmake.py", line 21, in <module>
[0.134s]     from ament_package.templates import get_environment_hook_template_path
[0.134s] ModuleNotFoundError: No module named 'ament_package'
[0.141s] [31mCMake Error at /opt/ros/humble/share/ament_cmake_core/cmake/ament_cmake_package_templates-extras.cmake:41 (message):
[0.141s]   execute_process(/usr/bin/python3
[0.141s]   /opt/ros/humble/share/ament_cmake_core/cmake/package_templates/templates_2_cmake.py
[0.141s]   /home/matt/Documents/GitHub/Rover-Unity/ros2_ws/build/custom_msg/ament_cmake_package_templates/templates.cmake)
[0.141s]   returned error code 1
[0.141s] Call Stack (most recent call first):
[0.141s]   /opt/ros/humble/share/ament_cmake_core/cmake/ament_cmake_coreConfig.cmake:41 (include)
[0.141s]   /opt/ros/humble/share/ament_cmake/cmake/ament_cmake_export_dependencies-extras.cmake:15 (find_package)
[0.141s]   /opt/ros/humble/share/ament_cmake/cmake/ament_cmakeConfig.cmake:41 (include)
[0.141s]   CMakeLists.txt:9 (find_package)
[0.141s] 
[0.141s] [0m
[0.141s] -- Configuring incomplete, errors occurred!
[0.141s] See also "/home/matt/Documents/GitHub/Rover-Unity/ros2_ws/build/custom_msg/CMakeFiles/CMakeOutput.log".
[0.142s] gmake: *** [Makefile:1179: cmake_check_build_system] Error 1
[0.144s] Invoked command in '/home/matt/Documents/GitHub/Rover-Unity/ros2_ws/build/custom_msg' returned '2': CMAKE_PREFIX_PATH=${CMAKE_PREFIX_PATH}:/home/matt/Documents/GitHub/Rover-Unity/ros2_ws/install/AutonControlNode /usr/bin/cmake --build /home/matt/Documents/GitHub/Rover-Unity/ros2_ws/build/custom_msg -- -j12 -l12
